# JRE version: Java(TM) SE Runtime Environment (15.0+36) (build 15+36-1562)
# Java VM: Java HotSpot(TM) 64-Bit Server VM (15+36-1562, mixed mode, sharing, tiered, compressed oops, g1 gc, windows-amd64)
GC Precious Log:
 CPUs: 8 total, 8 available
 Memory: 8067M
 Large Page Support: Disabled
 NUMA Support: Disabled
 Compressed Oops: Enabled (32-bit)
 Heap Region Size: 1M
 Heap Min Capacity: 8M
 Heap Initial Capacity: 8M
 Heap Max Capacity: 1G
 Pre-touch: Disabled
 Parallel Workers: 8
 Concurrent Workers: 2
 Concurrent Refinement Workers: 8
 Periodic GC: Disabled
Heap:
 garbage-first heap   total 67584K, used 18785K [0x00000000c0000000, 0x0000000100000000)
  region size 1024K, 2 young (2048K), 2 survivors (2048K)
 Metaspace       used 16336K, capacity 16608K, committed 16896K, reserved 1064960K
  class space    used 1645K, capacity 1726K, committed 1792K, reserved 1048576K
GC Heap History (20 events):
Event: 1.273 GC heap after
{Heap after GC invocations=11 (full 0):
 garbage-first heap   total 13312K, used 5990K [0x00000000c0000000, 0x0000000100000000)
  region size 1024K, 1 young (1024K), 1 survivors (1024K)
 Metaspace       used 8716K, capacity 11534K, committed 11776K, reserved 1060864K
  class space    used 955K, capacity 1226K, committed 1280K, reserved 1048576K
}
Event: 1.309 GC heap before
{Heap before GC invocations=11 (full 0):
 garbage-first heap   total 13312K, used 7014K [0x00000000c0000000, 0x0000000100000000)
  region size 1024K, 2 young (2048K), 1 survivors (1024K)
 Metaspace       used 8723K, capacity 11534K, committed 11776K, reserved 1060864K
  class space    used 955K, capacity 1226K, committed 1280K, reserved 1048576K
}
Event: 1.314 GC heap after
{Heap after GC invocations=12 (full 0):
 garbage-first heap   total 13312K, used 6487K [0x00000000c0000000, 0x0000000100000000)
  region size 1024K, 1 young (1024K), 1 survivors (1024K)
 Metaspace       used 8723K, capacity 11534K, committed 11776K, reserved 1060864K
  class space    used 955K, capacity 1226K, committed 1280K, reserved 1048576K
}
Event: 1.499 GC heap before
{Heap before GC invocations=13 (full 0):
 garbage-first heap   total 14336K, used 7511K [0x00000000c0000000, 0x0000000100000000)
  region size 1024K, 2 young (2048K), 1 survivors (1024K)
 Metaspace       used 8796K, capacity 11537K, committed 11776K, reserved 1060864K
  class space    used 965K, capacity 1227K, committed 1280K, reserved 1048576K
}
Event: 1.504 GC heap after
{Heap after GC invocations=14 (full 0):
 garbage-first heap   total 22528K, used 6682K [0x00000000c0000000, 0x0000000100000000)
  region size 1024K, 1 young (1024K), 1 survivors (1024K)
 Metaspace       used 8796K, capacity 11537K, committed 11776K, reserved 1060864K
  class space    used 965K, capacity 1227K, committed 1280K, reserved 1048576K
}
Event: 1.660 GC heap before
{Heap before GC invocations=14 (full 0):
 garbage-first heap   total 22528K, used 11802K [0x00000000c0000000, 0x0000000100000000)
  region size 1024K, 7 young (7168K), 1 survivors (1024K)
 Metaspace       used 9371K, capacity 11831K, committed 12032K, reserved 1060864K
  class space    used 1032K, capacity 1261K, committed 1280K, reserved 1048576K
}
Event: 1.668 GC heap after
{Heap after GC invocations=15 (full 0):
 garbage-first heap   total 22528K, used 8409K [0x00000000c0000000, 0x0000000100000000)
  region size 1024K, 1 young (1024K), 1 survivors (1024K)
 Metaspace       used 9371K, capacity 11831K, committed 12032K, reserved 1060864K
  class space    used 1032K, capacity 1261K, committed 1280K, reserved 1048576K
}
Event: 1.847 GC heap before
{Heap before GC invocations=15 (full 0):
 garbage-first heap   total 22528K, used 13529K [0x00000000c0000000, 0x0000000100000000)
  region size 1024K, 6 young (6144K), 1 survivors (1024K)
 Metaspace       used 9622K, capacity 11866K, committed 12160K, reserved 1060864K
  class space    used 1052K, capacity 1294K, committed 1408K, reserved 1048576K
}
Event: 1.852 GC heap after
{Heap after GC invocations=16 (full 0):
 garbage-first heap   total 22528K, used 9432K [0x00000000c0000000, 0x0000000100000000)
  region size 1024K, 1 young (1024K), 1 survivors (1024K)
 Metaspace       used 9622K, capacity 11866K, committed 12160K, reserved 1060864K
  class space    used 1052K, capacity 1294K, committed 1408K, reserved 1048576K
}
Event: 1.936 GC heap before
{Heap before GC invocations=16 (full 0):
 garbage-first heap   total 22528K, used 14552K [0x00000000c0000000, 0x0000000100000000)
  region size 1024K, 6 young (6144K), 1 survivors (1024K)
 Metaspace       used 9772K, capacity 11930K, committed 12160K, reserved 1060864K
  class space    used 1065K, capacity 1294K, committed 1408K, reserved 1048576K
}
Event: 1.942 GC heap after
{Heap after GC invocations=17 (full 0):
 garbage-first heap   total 22528K, used 10177K [0x00000000c0000000, 0x0000000100000000)
  region size 1024K, 1 young (1024K), 1 survivors (1024K)
 Metaspace       used 9772K, capacity 11930K, committed 12160K, reserved 1060864K
  class space    used 1065K, capacity 1294K, committed 1408K, reserved 1048576K
}
Event: 2.025 GC heap before
{Heap before GC invocations=17 (full 0):
 garbage-first heap   total 22528K, used 14273K [0x00000000c0000000, 0x0000000100000000)
  region size 1024K, 5 young (5120K), 1 survivors (1024K)
 Metaspace       used 9964K, capacity 12067K, committed 12416K, reserved 1060864K
  class space    used 1083K, capacity 1297K, committed 1408K, reserved 1048576K
}
Event: 2.031 GC heap after
{Heap after GC invocations=18 (full 0):
 garbage-first heap   total 34816K, used 10976K [0x00000000c0000000, 0x0000000100000000)
  region size 1024K, 1 young (1024K), 1 survivors (1024K)
 Metaspace       used 9964K, capacity 12067K, committed 12416K, reserved 1060864K
  class space    used 1083K, capacity 1297K, committed 1408K, reserved 1048576K
}
Event: 2.304 GC heap before
{Heap before GC invocations=19 (full 0):
 garbage-first heap   total 34816K, used 23264K [0x00000000c0000000, 0x0000000100000000)
  region size 1024K, 14 young (14336K), 1 survivors (1024K)
 Metaspace       used 10363K, capacity 12497K, committed 12672K, reserved 1060864K
  class space    used 1106K, capacity 1333K, committed 1408K, reserved 1048576K
}
Event: 2.315 GC heap after
{Heap after GC invocations=20 (full 0):
 garbage-first heap   total 34816K, used 13037K [0x00000000c0000000, 0x0000000100000000)
  region size 1024K, 2 young (2048K), 2 survivors (2048K)
 Metaspace       used 10363K, capacity 12497K, committed 12672K, reserved 1060864K
  class space    used 1106K, capacity 1333K, committed 1408K, reserved 1048576K
}
Event: 2.620 GC heap before
{Heap before GC invocations=20 (full 0):
 garbage-first heap   total 34816K, used 22253K [0x00000000c0000000, 0x0000000100000000)
  region size 1024K, 12 young (12288K), 2 survivors (2048K)
 Metaspace       used 10650K, capacity 12753K, committed 12928K, reserved 1060864K
  class space    used 1122K, capacity 1333K, committed 1408K, reserved 1048576K
}
Event: 2.637 GC heap after
{Heap after GC invocations=21 (full 0):
 garbage-first heap   total 34816K, used 15360K [0x00000000c0000000, 0x0000000100000000)
  region size 1024K, 2 young (2048K), 2 survivors (2048K)
 Metaspace       used 10650K, capacity 12753K, committed 12928K, reserved 1060864K
  class space    used 1122K, capacity 1333K, committed 1408K, reserved 1048576K
}
Event: 2.978 GC heap before
{Heap before GC invocations=21 (full 0):
 garbage-first heap   total 34816K, used 24576K [0x00000000c0000000, 0x0000000100000000)
  region size 1024K, 11 young (11264K), 2 survivors (2048K)
 Metaspace       used 13028K, capacity 14769K, committed 14848K, reserved 1062912K
  class space    used 1333K, capacity 1493K, committed 1536K, reserved 1048576K
}
Event: 2.990 GC heap after
{Heap after GC invocations=22 (full 0):
 garbage-first heap   total 34816K, used 17168K [0x00000000c0000000, 0x0000000100000000)
  region size 1024K, 1 young (1024K), 1 survivors (1024K)
 Metaspace       used 13028K, capacity 14769K, committed 14848K, reserved 1062912K
  class space    used 1333K, capacity 1493K, committed 1536K, reserved 1048576K
}
Event: 3.342 GC heap before
{Heap before GC invocations=22 (full 0):
 garbage-first heap   total 34816K, used 25360K [0x00000000c0000000, 0x0000000100000000)
  region size 1024K, 9 young (9216K), 1 survivors (1024K)
 Metaspace       used 16336K, capacity 16608K, committed 16896K, reserved 1064960K
  class space    used 1645K, capacity 1726K, committed 1792K, reserved 1048576K
}

