# JRE version: Java(TM) SE Runtime Environment (15.0+36) (build 15+36-1562)
# Java VM: Java HotSpot(TM) 64-Bit Server VM (15+36-1562, mixed mode, sharing, tiered, compressed oops, g1 gc, windows-amd64)
GC Precious Log:
 CPUs: 8 total, 8 available
 Memory: 8067M
 Large Page Support: Disabled
 NUMA Support: Disabled
 Compressed Oops: Enabled (32-bit)
 Heap Region Size: 1M
 Heap Min Capacity: 8M
 Heap Initial Capacity: 8M
 Heap Max Capacity: 1G
 Pre-touch: Disabled
 Parallel Workers: 8
 Concurrent Workers: 2
 Concurrent Refinement Workers: 8
 Periodic GC: Disabled
Heap:
 garbage-first heap   total 65536K, used 16792K [0x00000000c0000000, 0x0000000100000000)
  region size 1024K, 2 young (2048K), 2 survivors (2048K)
 Metaspace       used 12182K, capacity 13865K, committed 14080K, reserved 1062912K
  class space    used 1292K, capacity 1469K, committed 1536K, reserved 1048576K
GC Heap History (20 events):
Event: 1.206 GC heap after
{Heap after GC invocations=12 (full 0):
 garbage-first heap   total 13312K, used 5566K [0x00000000c0000000, 0x0000000100000000)
  region size 1024K, 1 young (1024K), 1 survivors (1024K)
 Metaspace       used 9191K, capacity 11575K, committed 11776K, reserved 1060864K
  class space    used 1034K, capacity 1261K, committed 1280K, reserved 1048576K
}
Event: 1.248 GC heap before
{Heap before GC invocations=12 (full 0):
 garbage-first heap   total 13312K, used 7614K [0x00000000c0000000, 0x0000000100000000)
  region size 1024K, 3 young (3072K), 1 survivors (1024K)
 Metaspace       used 9210K, capacity 11575K, committed 11776K, reserved 1060864K
  class space    used 1034K, capacity 1261K, committed 1280K, reserved 1048576K
}
Event: 1.250 GC heap after
{Heap after GC invocations=13 (full 0):
 garbage-first heap   total 13312K, used 6104K [0x00000000c0000000, 0x0000000100000000)
  region size 1024K, 1 young (1024K), 1 survivors (1024K)
 Metaspace       used 9210K, capacity 11575K, committed 11776K, reserved 1060864K
  class space    used 1034K, capacity 1261K, committed 1280K, reserved 1048576K
}
Event: 1.270 GC heap before
{Heap before GC invocations=14 (full 0):
 garbage-first heap   total 14336K, used 7128K [0x00000000c0000000, 0x0000000100000000)
  region size 1024K, 2 young (2048K), 1 survivors (1024K)
 Metaspace       used 9211K, capacity 11575K, committed 11776K, reserved 1060864K
  class space    used 1034K, capacity 1261K, committed 1280K, reserved 1048576K
}
Event: 1.272 GC heap after
{Heap after GC invocations=15 (full 0):
 garbage-first heap   total 19456K, used 6266K [0x00000000c0000000, 0x0000000100000000)
  region size 1024K, 1 young (1024K), 1 survivors (1024K)
 Metaspace       used 9211K, capacity 11575K, committed 11776K, reserved 1060864K
  class space    used 1034K, capacity 1261K, committed 1280K, reserved 1048576K
}
Event: 1.385 GC heap before
{Heap before GC invocations=15 (full 0):
 garbage-first heap   total 19456K, used 12410K [0x00000000c0000000, 0x0000000100000000)
  region size 1024K, 7 young (7168K), 1 survivors (1024K)
 Metaspace       used 9454K, capacity 11674K, committed 11904K, reserved 1060864K
  class space    used 1063K, capacity 1294K, committed 1408K, reserved 1048576K
}
Event: 1.388 GC heap after
{Heap after GC invocations=16 (full 0):
 garbage-first heap   total 19456K, used 7034K [0x00000000c0000000, 0x0000000100000000)
  region size 1024K, 1 young (1024K), 1 survivors (1024K)
 Metaspace       used 9454K, capacity 11674K, committed 11904K, reserved 1060864K
  class space    used 1063K, capacity 1294K, committed 1408K, reserved 1048576K
}
Event: 1.495 GC heap before
{Heap before GC invocations=16 (full 0):
 garbage-first heap   total 19456K, used 13178K [0x00000000c0000000, 0x0000000100000000)
  region size 1024K, 7 young (7168K), 1 survivors (1024K)
 Metaspace       used 9694K, capacity 11814K, committed 12160K, reserved 1060864K
  class space    used 1089K, capacity 1298K, committed 1408K, reserved 1048576K
}
Event: 1.501 GC heap after
{Heap after GC invocations=17 (full 0):
 garbage-first heap   total 19456K, used 8160K [0x00000000c0000000, 0x0000000100000000)
  region size 1024K, 1 young (1024K), 1 survivors (1024K)
 Metaspace       used 9694K, capacity 11814K, committed 12160K, reserved 1060864K
  class space    used 1089K, capacity 1298K, committed 1408K, reserved 1048576K
}
Event: 1.554 GC heap before
{Heap before GC invocations=17 (full 0):
 garbage-first heap   total 19456K, used 12256K [0x00000000c0000000, 0x0000000100000000)
  region size 1024K, 6 young (6144K), 1 survivors (1024K)
 Metaspace       used 9795K, capacity 11948K, committed 12160K, reserved 1060864K
  class space    used 1096K, capacity 1300K, committed 1408K, reserved 1048576K
}
Event: 1.560 GC heap after
{Heap after GC invocations=18 (full 0):
 garbage-first heap   total 19456K, used 9344K [0x00000000c0000000, 0x0000000100000000)
  region size 1024K, 1 young (1024K), 1 survivors (1024K)
 Metaspace       used 9795K, capacity 11948K, committed 12160K, reserved 1060864K
  class space    used 1096K, capacity 1300K, committed 1408K, reserved 1048576K
}
Event: 1.644 GC heap before
{Heap before GC invocations=18 (full 0):
 garbage-first heap   total 19456K, used 12416K [0x00000000c0000000, 0x0000000100000000)
  region size 1024K, 5 young (5120K), 1 survivors (1024K)
 Metaspace       used 10085K, capacity 12240K, committed 12416K, reserved 1060864K
  class space    used 1133K, capacity 1333K, committed 1408K, reserved 1048576K
}
Event: 1.652 GC heap after
{Heap after GC invocations=19 (full 0):
 garbage-first heap   total 32768K, used 10245K [0x00000000c0000000, 0x0000000100000000)
  region size 1024K, 1 young (1024K), 1 survivors (1024K)
 Metaspace       used 10085K, capacity 12240K, committed 12416K, reserved 1060864K
  class space    used 1133K, capacity 1333K, committed 1408K, reserved 1048576K
}
Event: 2.025 GC heap before
{Heap before GC invocations=20 (full 0):
 garbage-first heap   total 32768K, used 21509K [0x00000000c0000000, 0x0000000100000000)
  region size 1024K, 12 young (12288K), 1 survivors (1024K)
 Metaspace       used 11008K, capacity 12819K, committed 12928K, reserved 1060864K
  class space    used 1220K, capacity 1398K, committed 1408K, reserved 1048576K
}
Event: 2.038 GC heap after
{Heap after GC invocations=21 (full 0):
 garbage-first heap   total 32768K, used 12183K [0x00000000c0000000, 0x0000000100000000)
  region size 1024K, 2 young (2048K), 2 survivors (2048K)
 Metaspace       used 11008K, capacity 12819K, committed 12928K, reserved 1060864K
  class space    used 1220K, capacity 1398K, committed 1408K, reserved 1048576K
}
Event: 2.465 GC heap before
{Heap before GC invocations=21 (full 0):
 garbage-first heap   total 32768K, used 22423K [0x00000000c0000000, 0x0000000100000000)
  region size 1024K, 11 young (11264K), 2 survivors (2048K)
 Metaspace       used 11616K, capacity 13367K, committed 13568K, reserved 1060864K
  class space    used 1255K, capacity 1431K, committed 1536K, reserved 1048576K
}
Event: 2.478 GC heap after
{Heap after GC invocations=22 (full 0):
 garbage-first heap   total 32768K, used 14776K [0x00000000c0000000, 0x0000000100000000)
  region size 1024K, 2 young (2048K), 2 survivors (2048K)
 Metaspace       used 11616K, capacity 13367K, committed 13568K, reserved 1060864K
  class space    used 1255K, capacity 1431K, committed 1536K, reserved 1048576K
}
Event: 2.747 GC heap before
{Heap before GC invocations=22 (full 0):
 garbage-first heap   total 32768K, used 22968K [0x00000000c0000000, 0x0000000100000000)
  region size 1024K, 10 young (10240K), 2 survivors (2048K)
 Metaspace       used 11876K, capacity 13562K, committed 13824K, reserved 1060864K
  class space    used 1262K, capacity 1432K, committed 1536K, reserved 1048576K
}
Event: 2.757 GC heap after
{Heap after GC invocations=23 (full 0):
 garbage-first heap   total 32768K, used 15768K [0x00000000c0000000, 0x0000000100000000)
  region size 1024K, 1 young (1024K), 1 survivors (1024K)
 Metaspace       used 11876K, capacity 13562K, committed 13824K, reserved 1060864K
  class space    used 1262K, capacity 1432K, committed 1536K, reserved 1048576K
}
Event: 3.019 GC heap before
{Heap before GC invocations=23 (full 0):
 garbage-first heap   total 32768K, used 22936K [0x00000000c0000000, 0x0000000100000000)
  region size 1024K, 9 young (9216K), 1 survivors (1024K)
 Metaspace       used 12182K, capacity 13865K, committed 14080K, reserved 1062912K
  class space    used 1292K, capacity 1469K, committed 1536K, reserved 1048576K
}

